<?xml version="1.0" encoding="UTF-8"?>
<testng-results ignored="0" total="4" passed="3" failed="1" skipped="0">
  <reporter-output>
  </reporter-output>
  <suite started-at="2021-12-03T11:43:41Z" name="Default suite" finished-at="2021-12-03T11:44:12Z" duration-ms="30856">
    <groups>
    </groups>
    <test started-at="2021-12-03T11:43:41Z" name="Default test" finished-at="2021-12-03T11:44:12Z" duration-ms="30856">
      <class name="org.task.Flipkart">
        <test-method is-config="true" signature="launch()[pri:0, instance:org.task.Flipkart@36060e]" started-at="2021-12-03T17:13:41Z" name="launch" finished-at="2021-12-03T17:14:03Z" duration-ms="22338" status="PASS">
          <reporter-output>
          </reporter-output>
        </test-method> <!-- launch -->
        <test-method is-config="true" signature="starttime()[pri:0, instance:org.task.Flipkart@36060e]" started-at="2021-12-03T17:14:03Z" name="starttime" finished-at="2021-12-03T17:14:03Z" duration-ms="1" status="PASS">
          <reporter-output>
          </reporter-output>
        </test-method> <!-- starttime -->
        <test-method signature="login()[pri:-1, instance:org.task.Flipkart@36060e]" started-at="2021-12-03T17:14:03Z" name="login" finished-at="2021-12-03T17:14:05Z" duration-ms="1727" status="PASS">
          <reporter-output>
          </reporter-output>
        </test-method> <!-- login -->
        <test-method is-config="true" signature="endtime()[pri:0, instance:org.task.Flipkart@36060e]" started-at="2021-12-03T17:14:05Z" name="endtime" finished-at="2021-12-03T17:14:05Z" duration-ms="2" status="PASS">
          <reporter-output>
          </reporter-output>
        </test-method> <!-- endtime -->
        <test-method is-config="true" signature="starttime()[pri:0, instance:org.task.Flipkart@36060e]" started-at="2021-12-03T17:14:05Z" name="starttime" finished-at="2021-12-03T17:14:05Z" duration-ms="1" status="PASS">
          <reporter-output>
          </reporter-output>
        </test-method> <!-- starttime -->
        <test-method signature="mobname()[pri:0, instance:org.task.Flipkart@36060e]" started-at="2021-12-03T17:14:05Z" name="mobname" finished-at="2021-12-03T17:14:09Z" duration-ms="3661" status="PASS">
          <reporter-output>
          </reporter-output>
        </test-method> <!-- mobname -->
        <test-method is-config="true" signature="endtime()[pri:0, instance:org.task.Flipkart@36060e]" started-at="2021-12-03T17:14:09Z" name="endtime" finished-at="2021-12-03T17:14:09Z" duration-ms="1" status="PASS">
          <reporter-output>
          </reporter-output>
        </test-method> <!-- endtime -->
        <test-method is-config="true" signature="starttime()[pri:0, instance:org.task.Flipkart@36060e]" started-at="2021-12-03T17:14:09Z" name="starttime" finished-at="2021-12-03T17:14:09Z" duration-ms="1" status="PASS">
          <reporter-output>
          </reporter-output>
        </test-method> <!-- starttime -->
        <test-method signature="windowhandle()[pri:1, instance:org.task.Flipkart@36060e]" started-at="2021-12-03T17:14:09Z" name="windowhandle" finished-at="2021-12-03T17:14:09Z" duration-ms="259" status="PASS">
          <reporter-output>
          </reporter-output>
        </test-method> <!-- windowhandle -->
        <test-method is-config="true" signature="endtime()[pri:0, instance:org.task.Flipkart@36060e]" started-at="2021-12-03T17:14:09Z" name="endtime" finished-at="2021-12-03T17:14:09Z" duration-ms="1" status="PASS">
          <reporter-output>
          </reporter-output>
        </test-method> <!-- endtime -->
        <test-method is-config="true" signature="starttime()[pri:0, instance:org.task.Flipkart@36060e]" started-at="2021-12-03T17:14:09Z" name="starttime" finished-at="2021-12-03T17:14:09Z" duration-ms="0" status="PASS">
          <reporter-output>
          </reporter-output>
        </test-method> <!-- starttime -->
        <test-method signature="newmob()[pri:2, instance:org.task.Flipkart@36060e]" started-at="2021-12-03T17:14:09Z" name="newmob" finished-at="2021-12-03T17:14:09Z" duration-ms="112" status="FAIL">
          <exception class="java.lang.AssertionError">
            <message>
              <![CDATA[expected [true] but found [false]]]>
            </message>
            <full-stacktrace>
              <![CDATA[java.lang.AssertionError: expected [true] but found [false]at org.testng.Assert.fail(Assert.java:96)at org.testng.Assert.failNotEquals(Assert.java:776)at org.testng.Assert.assertTrue(Assert.java:44)at org.testng.Assert.assertTrue(Assert.java:54)at org.task.Flipkart.newmob(Flipkart.java:94)at java.base/jdk.internal.reflect.NativeMethodAccessorImpl.invoke0(Native Method)at java.base/jdk.internal.reflect.NativeMethodAccessorImpl.invoke(NativeMethodAccessorImpl.java:77)at java.base/jdk.internal.reflect.DelegatingMethodAccessorImpl.invoke(DelegatingMethodAccessorImpl.java:43)at java.base/java.lang.reflect.Method.invoke(Method.java:568)at org.testng.internal.MethodInvocationHelper.invokeMethod(MethodInvocationHelper.java:124)at org.testng.internal.Invoker.invokeMethod(Invoker.java:571)at org.testng.internal.Invoker.invokeTestMethod(Invoker.java:707)at org.testng.internal.Invoker.invokeTestMethods(Invoker.java:979)at org.testng.internal.TestMethodWorker.invokeTestMethods(TestMethodWorker.java:125)at org.testng.internal.TestMethodWorker.run(TestMethodWorker.java:109)at org.testng.TestRunner.privateRun(TestRunner.java:648)at org.testng.TestRunner.run(TestRunner.java:505)at org.testng.SuiteRunner.runTest(SuiteRunner.java:455)at org.testng.SuiteRunner.runSequentially(SuiteRunner.java:450)at org.testng.SuiteRunner.privateRun(SuiteRunner.java:415)at org.testng.SuiteRunner.run(SuiteRunner.java:364)at org.testng.SuiteRunnerWorker.runSuite(SuiteRunnerWorker.java:52)at org.testng.SuiteRunnerWorker.run(SuiteRunnerWorker.java:84)at org.testng.TestNG.runSuitesSequentially(TestNG.java:1187)at org.testng.TestNG.runSuitesLocally(TestNG.java:1116)at org.testng.TestNG.runSuites(TestNG.java:1028)at org.testng.TestNG.run(TestNG.java:996)at org.testng.remote.AbstractRemoteTestNG.run(AbstractRemoteTestNG.java:115)at org.testng.remote.RemoteTestNG.initAndRun(RemoteTestNG.java:251)at org.testng.remote.RemoteTestNG.main(RemoteTestNG.java:77)]]>
            </full-stacktrace>
          </exception> <!-- java.lang.AssertionError -->
          <reporter-output>
          </reporter-output>
        </test-method> <!-- newmob -->
        <test-method is-config="true" signature="endtime()[pri:0, instance:org.task.Flipkart@36060e]" started-at="2021-12-03T17:14:09Z" name="endtime" finished-at="2021-12-03T17:14:09Z" duration-ms="0" status="PASS">
          <reporter-output>
          </reporter-output>
        </test-method> <!-- endtime -->
        <test-method is-config="true" signature="quit()[pri:0, instance:org.task.Flipkart@36060e]" started-at="2021-12-03T17:14:09Z" name="quit" finished-at="2021-12-03T17:14:12Z" duration-ms="2507" status="PASS">
          <reporter-output>
          </reporter-output>
        </test-method> <!-- quit -->
      </class> <!-- org.task.Flipkart -->
    </test> <!-- Default test -->
  </suite> <!-- Default suite -->
</testng-results>
